 gcccore/14.3.0 loaded.
 zlib/1.3.1-gcccore-14.3.0 loaded.
 binutils/2.44-gcccore-14.3.0 loaded.
 gcc/14.3.0 loaded.
 numactl/2.0.19-gcccore-14.3.0 loaded.
 xz/5.8.1-gcccore-14.3.0 loaded.
 libxml2/2.14.3-gcccore-14.3.0 loaded.
 libpciaccess/0.18.1-gcccore-14.3.0 loaded.
 hwloc/2.12.1-gcccore-14.3.0 loaded.
 openssl/3 loaded.
 libevent/2.1.12-gcccore-14.3.0 loaded.
 ucx/1.19.0-gcccore-14.3.0 loaded.
 cuda/12.4.0 unloaded.
 cuda/12.9.1 loaded.
 gdrcopy/2.5-gcccore-14.3.0 loaded.
 ucx-cuda/1.19.0-gcccore-14.3.0-cuda-12.9.1 loaded.
 libfabric/2.1.0-gcccore-14.3.0 loaded.
 pmix/5.0.8-gcccore-14.3.0 loaded.
 prrte/3.0.11-gcccore-14.3.0 loaded.
 ucc/1.4.4-gcccore-14.3.0 loaded.
 openmpi/5.0.8-gcc-14.3.0 loaded.

The following have been reloaded with a version change:
  1) cuda/12.4.0 => cuda/12.9.1

