 gcccore/13.2.0 loaded.
 zlib/1.2.13-gcccore-13.2.0 loaded.
 binutils/2.40-gcccore-13.2.0 loaded.
 gcc/13.2.0 loaded.
 numactl/2.0.16-gcccore-13.2.0 loaded.
 xz/5.4.4-gcccore-13.2.0 loaded.
 libxml2/2.11.5-gcccore-13.2.0 loaded.
 libpciaccess/0.17-gcccore-13.2.0 loaded.
 hwloc/2.9.2-gcccore-13.2.0 loaded.
 openssl/1.1 loaded.
 libevent/2.1.12-gcccore-13.2.0 loaded.
 ucx/1.15.0-gcccore-13.2.0 loaded.
 libfabric/1.19.0-gcccore-13.2.0 loaded.
 pmix/5.0.2-gcccore-13.2.0 loaded.
 ucc/1.2.0-gcccore-13.2.0 loaded.
 prrte/3.0.5-gcc-13.2.0 loaded.
 openmpi/5.0.2-gcc-13.2.0 loaded.
slurmstepd: error: *** STEP 19715855.1 ON ac0338 CANCELLED AT 2026-03-30T15:08:05 ***
srun: Job step aborted: Waiting up to 302 seconds for job step to finish.
srun: error: ac0344: task 6: Exited with exit code 15
srun: error: ac0343: task 5: Exited with exit code 15
srun: error: ac0340: task 2: Killed
srun: error: ac0342: task 4: Killed
srun: error: ac0341: task 3: Killed
srun: error: ac0345: task 7: Killed
srun: error: ac0338: task 0: Killed
srun: error: ac0339: task 1: Killed
slurmstepd: error: *** STEP 19715855.3 ON ac0338 CANCELLED AT 2026-03-30T15:08:16 ***
srun: Job step aborted: Waiting up to 302 seconds for job step to finish.
srun: error: ac0340: task 2: Killed
srun: error: ac0339: task 1: Killed
srun: error: ac0344: task 6: Exited with exit code 15
srun: error: ac0343: task 5: Killed
srun: error: ac0342: task 4: Killed
srun: error: ac0345: task 7: Killed
srun: error: ac0338: task 0: Killed
srun: error: ac0341: task 3: Killed
slurmstepd: error: *** STEP 19715855.5 ON ac0338 CANCELLED AT 2026-03-30T15:08:41 ***
srun: Job step aborted: Waiting up to 302 seconds for job step to finish.
srun: error: ac0344: task 6: Exited with exit code 15
srun: error: ac0339: task 1: Killed
srun: error: ac0343: task 5: Killed
srun: error: ac0341: task 3: Killed
srun: error: ac0340: task 2: Killed
srun: error: ac0338: task 0: Killed
srun: error: ac0345: task 7: Killed
srun: error: ac0342: task 4: Killed
srun: Job step aborted: Waiting up to 302 seconds for job step to finish.
slurmstepd: error: *** STEP 19715855.7 ON ac0338 CANCELLED AT 2026-03-30T15:09:26 ***
srun: error: ac0344: task 6: Exited with exit code 15
srun: error: ac0342: task 4: Killed
srun: error: ac0343: task 5: Killed
srun: error: ac0340: task 2: Killed
srun: error: ac0339: task 1: Killed
srun: error: ac0341: task 3: Killed
srun: error: ac0345: task 7: Killed
srun: error: ac0338: task 0: Killed
srun: Job step aborted: Waiting up to 302 seconds for job step to finish.
slurmstepd: error: *** STEP 19715855.9 ON ac0338 CANCELLED AT 2026-03-30T15:10:30 ***
srun: error: ac0344: task 6: Exited with exit code 15
srun: error: ac0342: task 4: Killed
srun: error: ac0343: task 5: Exited with exit code 15
srun: error: ac0339: task 1: Killed
srun: error: ac0340: task 2: Killed
srun: error: ac0341: task 3: Killed
srun: error: ac0345: task 7: Killed
srun: error: ac0338: task 0: Killed
