 java/11.0.2 loaded.
Mar 30, 2026 3:08:02 PM org.pcj.internal.InternalPCJ start
INFO: PCJ version 5.3.3-831a4fa (2023-10-10T14:35:07.064+0200)
Mar 30, 2026 3:08:02 PM org.pcj.internal.InternalPCJ start
INFO: Starting Graph500FromFile with 8 threads (on 2 nodes)...
Mar 30, 2026 3:08:20 PM org.pcj.internal.InternalPCJ start
INFO: Completed Graph500FromFile with 8 threads (on 2 nodes) after 0h 0m 17s 97ms.
Mar 30, 2026 3:08:20 PM org.pcj.internal.InternalPCJ start
INFO: PCJ version 5.3.3-831a4fa (2023-10-10T14:35:07.064+0200)
Mar 30, 2026 3:08:20 PM org.pcj.internal.InternalPCJ start
INFO: Starting Graph500FromFile with 8 threads (on 2 nodes)...
Mar 30, 2026 3:09:44 PM org.pcj.internal.InternalPCJ start
INFO: Completed Graph500FromFile with 8 threads (on 2 nodes) after 0h 1m 24s 162ms.
Mar 30, 2026 3:09:45 PM org.pcj.internal.InternalPCJ start
INFO: PCJ version 5.3.3-831a4fa (2023-10-10T14:35:07.064+0200)
Mar 30, 2026 3:09:45 PM org.pcj.internal.InternalPCJ start
INFO: Starting Graph500FromFile with 8 threads (on 2 nodes)...
Mar 30, 2026 3:15:53 PM org.pcj.internal.InternalPCJ start
INFO: Completed Graph500FromFile with 8 threads (on 2 nodes) after 0h 6m 7s 449ms.
Mar 30, 2026 3:15:53 PM org.pcj.internal.InternalPCJ start
INFO: PCJ version 5.3.3-831a4fa (2023-10-10T14:35:07.064+0200)
Mar 30, 2026 3:15:54 PM org.pcj.internal.InternalPCJ start
INFO: Starting Graph500FromFile with 8 threads (on 2 nodes)...
Mar 30, 2026 3:51:26 PM org.pcj.internal.InternalPCJ start
INFO: Completed Graph500FromFile with 8 threads (on 2 nodes) after 0h 35m 31s 885ms.
