 java/11.0.2 loaded.
Mar 30, 2026 3:08:02 PM org.pcj.internal.InternalPCJ start
INFO: PCJ version 5.3.3-831a4fa (2023-10-10T14:35:07.064+0200)
Mar 30, 2026 3:08:03 PM org.pcj.internal.InternalPCJ start
INFO: Starting MonteCarlo with 8 threads (on 8 nodes)...
Mar 30, 2026 3:08:09 PM org.pcj.internal.InternalPCJ start
INFO: Completed MonteCarlo with 8 threads (on 8 nodes) after 0h 0m 5s 858ms.
Mar 30, 2026 3:08:09 PM org.pcj.internal.InternalPCJ start
INFO: PCJ version 5.3.3-831a4fa (2023-10-10T14:35:07.064+0200)
Mar 30, 2026 3:08:10 PM org.pcj.internal.InternalPCJ start
INFO: Starting MonteCarlo with 8 threads (on 8 nodes)...
Mar 30, 2026 3:08:28 PM org.pcj.internal.InternalPCJ start
INFO: Completed MonteCarlo with 8 threads (on 8 nodes) after 0h 0m 17s 881ms.
Mar 30, 2026 3:08:28 PM org.pcj.internal.InternalPCJ start
INFO: PCJ version 5.3.3-831a4fa (2023-10-10T14:35:07.064+0200)
Mar 30, 2026 3:08:29 PM org.pcj.internal.InternalPCJ start
INFO: Starting MonteCarlo with 8 threads (on 8 nodes)...
Mar 30, 2026 3:09:00 PM org.pcj.internal.InternalPCJ start
INFO: Completed MonteCarlo with 8 threads (on 8 nodes) after 0h 0m 30s 448ms.
Mar 30, 2026 3:09:00 PM org.pcj.internal.InternalPCJ start
INFO: PCJ version 5.3.3-831a4fa (2023-10-10T14:35:07.064+0200)
Mar 30, 2026 3:09:01 PM org.pcj.internal.InternalPCJ start
INFO: Starting MonteCarlo with 8 threads (on 8 nodes)...
Mar 30, 2026 3:09:44 PM org.pcj.internal.InternalPCJ start
INFO: Completed MonteCarlo with 8 threads (on 8 nodes) after 0h 0m 42s 989ms.
Mar 30, 2026 3:09:44 PM org.pcj.internal.InternalPCJ start
INFO: PCJ version 5.3.3-831a4fa (2023-10-10T14:35:07.064+0200)
Mar 30, 2026 3:09:45 PM org.pcj.internal.InternalPCJ start
INFO: Starting MonteCarlo with 8 threads (on 8 nodes)...
Mar 30, 2026 3:10:41 PM org.pcj.internal.InternalPCJ start
INFO: Completed MonteCarlo with 8 threads (on 8 nodes) after 0h 0m 55s 585ms.
Mar 30, 2026 3:10:41 PM org.pcj.internal.InternalPCJ start
INFO: PCJ version 5.3.3-831a4fa (2023-10-10T14:35:07.064+0200)
Mar 30, 2026 3:10:42 PM org.pcj.internal.InternalPCJ start
INFO: Starting MonteCarlo with 8 threads (on 8 nodes)...
Mar 30, 2026 3:11:50 PM org.pcj.internal.InternalPCJ start
INFO: Completed MonteCarlo with 8 threads (on 8 nodes) after 0h 1m 8s 142ms.
Mar 30, 2026 3:11:51 PM org.pcj.internal.InternalPCJ start
INFO: PCJ version 5.3.3-831a4fa (2023-10-10T14:35:07.064+0200)
Mar 30, 2026 3:11:52 PM org.pcj.internal.InternalPCJ start
INFO: Starting MonteCarlo with 8 threads (on 8 nodes)...
Mar 30, 2026 3:13:12 PM org.pcj.internal.InternalPCJ start
INFO: Completed MonteCarlo with 8 threads (on 8 nodes) after 0h 1m 20s 740ms.
Mar 30, 2026 3:13:13 PM org.pcj.internal.InternalPCJ start
INFO: PCJ version 5.3.3-831a4fa (2023-10-10T14:35:07.064+0200)
Mar 30, 2026 3:13:14 PM org.pcj.internal.InternalPCJ start
INFO: Starting MonteCarlo with 8 threads (on 8 nodes)...
Mar 30, 2026 3:14:47 PM org.pcj.internal.InternalPCJ start
INFO: Completed MonteCarlo with 8 threads (on 8 nodes) after 0h 1m 33s 283ms.
Mar 30, 2026 3:14:47 PM org.pcj.internal.InternalPCJ start
INFO: PCJ version 5.3.3-831a4fa (2023-10-10T14:35:07.064+0200)
Mar 30, 2026 3:14:48 PM org.pcj.internal.InternalPCJ start
INFO: Starting MonteCarlo with 8 threads (on 8 nodes)...
Mar 30, 2026 3:16:34 PM org.pcj.internal.InternalPCJ start
INFO: Completed MonteCarlo with 8 threads (on 8 nodes) after 0h 1m 45s 854ms.
Mar 30, 2026 3:16:35 PM org.pcj.internal.InternalPCJ start
INFO: PCJ version 5.3.3-831a4fa (2023-10-10T14:35:07.064+0200)
Mar 30, 2026 3:16:35 PM org.pcj.internal.InternalPCJ start
INFO: Starting MonteCarlo with 8 threads (on 8 nodes)...
Mar 30, 2026 3:18:34 PM org.pcj.internal.InternalPCJ start
INFO: Completed MonteCarlo with 8 threads (on 8 nodes) after 0h 1m 58s 476ms.
Mar 30, 2026 3:18:34 PM org.pcj.internal.InternalPCJ start
INFO: PCJ version 5.3.3-831a4fa (2023-10-10T14:35:07.064+0200)
Mar 30, 2026 3:18:35 PM org.pcj.internal.InternalPCJ start
INFO: Starting MonteCarlo with 8 threads (on 8 nodes)...
Mar 30, 2026 3:20:46 PM org.pcj.internal.InternalPCJ start
INFO: Completed MonteCarlo with 8 threads (on 8 nodes) after 0h 2m 11s 10ms.
Mar 30, 2026 3:20:46 PM org.pcj.internal.InternalPCJ start
INFO: PCJ version 5.3.3-831a4fa (2023-10-10T14:35:07.064+0200)
Mar 30, 2026 3:20:47 PM org.pcj.internal.InternalPCJ start
INFO: Starting MonteCarlo with 8 threads (on 8 nodes)...
Mar 30, 2026 3:23:19 PM org.pcj.internal.InternalPCJ start
INFO: Completed MonteCarlo with 8 threads (on 8 nodes) after 0h 2m 31s 97ms.
