Using temporary directory: /net/afscra/people/plgpawelprus/parallel-programming-methods/proj1_java/temp

Running command:
    srun     java     -Dpcj.network.address=172.22.17.58     -cp     pcj.jar:.     MonteCarlo     /net/afscra/people/plgpawelprus/parallel-programming-methods/proj1_java/temp/pcj_nodes_19715868.txt     1000000000 

MonteCarlo: Estymacja PI dla 1000000000 punktow na 8 watkach.
Estimated Pi = 3.141496656000
Total points = 1000000000
Elapsed time = 5.060149 s
Throughput = 197.62 million points/s

Running command:
    srun     java     -Dpcj.network.address=172.22.17.58     -cp     pcj.jar:.     MonteCarlo     /net/afscra/people/plgpawelprus/parallel-programming-methods/proj1_java/temp/pcj_nodes_19715868.txt     3500000000 

MonteCarlo: Estymacja PI dla 3500000000 punktow na 8 watkach.
Estimated Pi = 3.141589027429
Total points = 3500000000
Elapsed time = 17.620880 s
Throughput = 198.63 million points/s

Running command:
    srun     java     -Dpcj.network.address=172.22.17.58     -cp     pcj.jar:.     MonteCarlo     /net/afscra/people/plgpawelprus/parallel-programming-methods/proj1_java/temp/pcj_nodes_19715868.txt     6000000000 

MonteCarlo: Estymacja PI dla 6000000000 punktow na 8 watkach.
Estimated Pi = 3.141592800667
Total points = 6000000000
Elapsed time = 30.190048 s
Throughput = 198.74 million points/s

Running command:
    srun     java     -Dpcj.network.address=172.22.17.58     -cp     pcj.jar:.     MonteCarlo     /net/afscra/people/plgpawelprus/parallel-programming-methods/proj1_java/temp/pcj_nodes_19715868.txt     8500000000 

MonteCarlo: Estymacja PI dla 8500000000 punktow na 8 watkach.
Estimated Pi = 3.141585536000
Total points = 8500000000
Elapsed time = 42.714927 s
Throughput = 198.99 million points/s

Running command:
    srun     java     -Dpcj.network.address=172.22.17.58     -cp     pcj.jar:.     MonteCarlo     /net/afscra/people/plgpawelprus/parallel-programming-methods/proj1_java/temp/pcj_nodes_19715868.txt     11000000000 

MonteCarlo: Estymacja PI dla 11000000000 punktow na 8 watkach.
Estimated Pi = 3.141585244364
Total points = 11000000000
Elapsed time = 55.214916 s
Throughput = 199.22 million points/s

Running command:
    srun     java     -Dpcj.network.address=172.22.17.58     -cp     pcj.jar:.     MonteCarlo     /net/afscra/people/plgpawelprus/parallel-programming-methods/proj1_java/temp/pcj_nodes_19715868.txt     13500000000 

MonteCarlo: Estymacja PI dla 13500000000 punktow na 8 watkach.
Estimated Pi = 3.141594525630
Total points = 13500000000
Elapsed time = 67.771992 s
Throughput = 199.20 million points/s

Running command:
    srun     java     -Dpcj.network.address=172.22.17.58     -cp     pcj.jar:.     MonteCarlo     /net/afscra/people/plgpawelprus/parallel-programming-methods/proj1_java/temp/pcj_nodes_19715868.txt     16000000000 

MonteCarlo: Estymacja PI dla 16000000000 punktow na 8 watkach.
Estimated Pi = 3.141591950750
Total points = 16000000000
Elapsed time = 80.291869 s
Throughput = 199.27 million points/s

Running command:
    srun     java     -Dpcj.network.address=172.22.17.58     -cp     pcj.jar:.     MonteCarlo     /net/afscra/people/plgpawelprus/parallel-programming-methods/proj1_java/temp/pcj_nodes_19715868.txt     18500000000 

MonteCarlo: Estymacja PI dla 18500000000 punktow na 8 watkach.
Estimated Pi = 3.141589234162
Total points = 18500000000
Elapsed time = 93.025453 s
Throughput = 198.87 million points/s

Running command:
    srun     java     -Dpcj.network.address=172.22.17.58     -cp     pcj.jar:.     MonteCarlo     /net/afscra/people/plgpawelprus/parallel-programming-methods/proj1_java/temp/pcj_nodes_19715868.txt     21000000000 

MonteCarlo: Estymacja PI dla 21000000000 punktow na 8 watkach.
Estimated Pi = 3.141583791810
Total points = 21000000000
Elapsed time = 105.398486 s
Throughput = 199.24 million points/s

Running command:
    srun     java     -Dpcj.network.address=172.22.17.58     -cp     pcj.jar:.     MonteCarlo     /net/afscra/people/plgpawelprus/parallel-programming-methods/proj1_java/temp/pcj_nodes_19715868.txt     23500000000 

MonteCarlo: Estymacja PI dla 23500000000 punktow na 8 watkach.
Estimated Pi = 3.141581179404
Total points = 23500000000
Elapsed time = 118.157242 s
Throughput = 198.89 million points/s

Running command:
    srun     java     -Dpcj.network.address=172.22.17.58     -cp     pcj.jar:.     MonteCarlo     /net/afscra/people/plgpawelprus/parallel-programming-methods/proj1_java/temp/pcj_nodes_19715868.txt     26000000000 

MonteCarlo: Estymacja PI dla 26000000000 punktow na 8 watkach.
Estimated Pi = 3.141579706154
Total points = 26000000000
Elapsed time = 130.509734 s
Throughput = 199.22 million points/s

Running command:
    srun     java     -Dpcj.network.address=172.22.17.58     -cp     pcj.jar:.     MonteCarlo     /net/afscra/people/plgpawelprus/parallel-programming-methods/proj1_java/temp/pcj_nodes_19715868.txt     30000000000 

MonteCarlo: Estymacja PI dla 30000000000 punktow na 8 watkach.
Estimated Pi = 3.141580284533
Total points = 30000000000
Elapsed time = 150.566075 s
Throughput = 199.25 million points/s
MonteCarlo benchmark completed.
