 java/11.0.2 loaded.
Mar 30, 2026 3:08:02 PM org.pcj.internal.InternalPCJ start
INFO: PCJ version 5.3.3-831a4fa (2023-10-10T14:35:07.064+0200)
Mar 30, 2026 3:08:03 PM org.pcj.internal.InternalPCJ start
INFO: Starting MonteCarlo with 8 threads (on 4 nodes)...
Mar 30, 2026 3:08:08 PM org.pcj.internal.InternalPCJ start
INFO: Completed MonteCarlo with 8 threads (on 4 nodes) after 0h 0m 5s 201ms.
Mar 30, 2026 3:08:08 PM org.pcj.internal.InternalPCJ start
INFO: PCJ version 5.3.3-831a4fa (2023-10-10T14:35:07.064+0200)
Mar 30, 2026 3:08:09 PM org.pcj.internal.InternalPCJ start
INFO: Starting MonteCarlo with 8 threads (on 4 nodes)...
Mar 30, 2026 3:08:26 PM org.pcj.internal.InternalPCJ start
INFO: Completed MonteCarlo with 8 threads (on 4 nodes) after 0h 0m 17s 783ms.
Mar 30, 2026 3:08:27 PM org.pcj.internal.InternalPCJ start
INFO: PCJ version 5.3.3-831a4fa (2023-10-10T14:35:07.064+0200)
Mar 30, 2026 3:08:27 PM org.pcj.internal.InternalPCJ start
INFO: Starting MonteCarlo with 8 threads (on 4 nodes)...
Mar 30, 2026 3:08:58 PM org.pcj.internal.InternalPCJ start
INFO: Completed MonteCarlo with 8 threads (on 4 nodes) after 0h 0m 30s 347ms.
Mar 30, 2026 3:08:58 PM org.pcj.internal.InternalPCJ start
INFO: PCJ version 5.3.3-831a4fa (2023-10-10T14:35:07.064+0200)
Mar 30, 2026 3:08:59 PM org.pcj.internal.InternalPCJ start
INFO: Starting MonteCarlo with 8 threads (on 4 nodes)...
Mar 30, 2026 3:09:41 PM org.pcj.internal.InternalPCJ start
INFO: Completed MonteCarlo with 8 threads (on 4 nodes) after 0h 0m 42s 846ms.
Mar 30, 2026 3:09:42 PM org.pcj.internal.InternalPCJ start
INFO: PCJ version 5.3.3-831a4fa (2023-10-10T14:35:07.064+0200)
Mar 30, 2026 3:09:42 PM org.pcj.internal.InternalPCJ start
INFO: Starting MonteCarlo with 8 threads (on 4 nodes)...
Mar 30, 2026 3:10:38 PM org.pcj.internal.InternalPCJ start
INFO: Completed MonteCarlo with 8 threads (on 4 nodes) after 0h 0m 55s 380ms.
Mar 30, 2026 3:10:38 PM org.pcj.internal.InternalPCJ start
INFO: PCJ version 5.3.3-831a4fa (2023-10-10T14:35:07.064+0200)
Mar 30, 2026 3:10:38 PM org.pcj.internal.InternalPCJ start
INFO: Starting MonteCarlo with 8 threads (on 4 nodes)...
Mar 30, 2026 3:11:46 PM org.pcj.internal.InternalPCJ start
INFO: Completed MonteCarlo with 8 threads (on 4 nodes) after 0h 1m 7s 927ms.
Mar 30, 2026 3:11:47 PM org.pcj.internal.InternalPCJ start
INFO: PCJ version 5.3.3-831a4fa (2023-10-10T14:35:07.064+0200)
Mar 30, 2026 3:11:47 PM org.pcj.internal.InternalPCJ start
INFO: Starting MonteCarlo with 8 threads (on 4 nodes)...
Mar 30, 2026 3:13:08 PM org.pcj.internal.InternalPCJ start
INFO: Completed MonteCarlo with 8 threads (on 4 nodes) after 0h 1m 20s 466ms.
Mar 30, 2026 3:13:08 PM org.pcj.internal.InternalPCJ start
INFO: PCJ version 5.3.3-831a4fa (2023-10-10T14:35:07.064+0200)
Mar 30, 2026 3:13:09 PM org.pcj.internal.InternalPCJ start
INFO: Starting MonteCarlo with 8 threads (on 4 nodes)...
Mar 30, 2026 3:14:42 PM org.pcj.internal.InternalPCJ start
INFO: Completed MonteCarlo with 8 threads (on 4 nodes) after 0h 1m 33s 179ms.
Mar 30, 2026 3:14:42 PM org.pcj.internal.InternalPCJ start
INFO: PCJ version 5.3.3-831a4fa (2023-10-10T14:35:07.064+0200)
Mar 30, 2026 3:14:43 PM org.pcj.internal.InternalPCJ start
INFO: Starting MonteCarlo with 8 threads (on 4 nodes)...
Mar 30, 2026 3:16:28 PM org.pcj.internal.InternalPCJ start
INFO: Completed MonteCarlo with 8 threads (on 4 nodes) after 0h 1m 45s 563ms.
Mar 30, 2026 3:16:28 PM org.pcj.internal.InternalPCJ start
INFO: PCJ version 5.3.3-831a4fa (2023-10-10T14:35:07.064+0200)
Mar 30, 2026 3:16:29 PM org.pcj.internal.InternalPCJ start
INFO: Starting MonteCarlo with 8 threads (on 4 nodes)...
Mar 30, 2026 3:18:27 PM org.pcj.internal.InternalPCJ start
INFO: Completed MonteCarlo with 8 threads (on 4 nodes) after 0h 1m 58s 327ms.
Mar 30, 2026 3:18:28 PM org.pcj.internal.InternalPCJ start
INFO: PCJ version 5.3.3-831a4fa (2023-10-10T14:35:07.064+0200)
Mar 30, 2026 3:18:28 PM org.pcj.internal.InternalPCJ start
INFO: Starting MonteCarlo with 8 threads (on 4 nodes)...
Mar 30, 2026 3:20:39 PM org.pcj.internal.InternalPCJ start
INFO: Completed MonteCarlo with 8 threads (on 4 nodes) after 0h 2m 10s 645ms.
Mar 30, 2026 3:20:39 PM org.pcj.internal.InternalPCJ start
INFO: PCJ version 5.3.3-831a4fa (2023-10-10T14:35:07.064+0200)
Mar 30, 2026 3:20:40 PM org.pcj.internal.InternalPCJ start
INFO: Starting MonteCarlo with 8 threads (on 4 nodes)...
Mar 30, 2026 3:23:11 PM org.pcj.internal.InternalPCJ start
INFO: Completed MonteCarlo with 8 threads (on 4 nodes) after 0h 2m 30s 725ms.
