Using temporary directory: /net/afscra/people/plgpawelprus/parallel-programming-methods/proj1_java/temp

Running command:
    srun     java     -Dpcj.network.address=172.22.17.69     -cp     pcj.jar:.     MonteCarlo     /net/afscra/people/plgpawelprus/parallel-programming-methods/proj1_java/temp/pcj_nodes_19715869.txt     1000000000 

MonteCarlo: Estymacja PI dla 1000000000 punktow na 8 watkach.
Estimated Pi = 3.141496656000
Total points = 1000000000
Elapsed time = 5.060113 s
Throughput = 197.62 million points/s

Running command:
    srun     java     -Dpcj.network.address=172.22.17.69     -cp     pcj.jar:.     MonteCarlo     /net/afscra/people/plgpawelprus/parallel-programming-methods/proj1_java/temp/pcj_nodes_19715869.txt     3500000000 

MonteCarlo: Estymacja PI dla 3500000000 punktow na 8 watkach.
Estimated Pi = 3.141589027429
Total points = 3500000000
Elapsed time = 17.565298 s
Throughput = 199.26 million points/s

Running command:
    srun     java     -Dpcj.network.address=172.22.17.69     -cp     pcj.jar:.     MonteCarlo     /net/afscra/people/plgpawelprus/parallel-programming-methods/proj1_java/temp/pcj_nodes_19715869.txt     6000000000 

MonteCarlo: Estymacja PI dla 6000000000 punktow na 8 watkach.
Estimated Pi = 3.141592800667
Total points = 6000000000
Elapsed time = 30.200688 s
Throughput = 198.67 million points/s

Running command:
    srun     java     -Dpcj.network.address=172.22.17.69     -cp     pcj.jar:.     MonteCarlo     /net/afscra/people/plgpawelprus/parallel-programming-methods/proj1_java/temp/pcj_nodes_19715869.txt     8500000000 

MonteCarlo: Estymacja PI dla 8500000000 punktow na 8 watkach.
Estimated Pi = 3.141585536000
Total points = 8500000000
Elapsed time = 42.674338 s
Throughput = 199.18 million points/s

Running command:
    srun     java     -Dpcj.network.address=172.22.17.69     -cp     pcj.jar:.     MonteCarlo     /net/afscra/people/plgpawelprus/parallel-programming-methods/proj1_java/temp/pcj_nodes_19715869.txt     11000000000 

MonteCarlo: Estymacja PI dla 11000000000 punktow na 8 watkach.
Estimated Pi = 3.141585244364
Total points = 11000000000
Elapsed time = 55.240178 s
Throughput = 199.13 million points/s

Running command:
    srun     java     -Dpcj.network.address=172.22.17.69     -cp     pcj.jar:.     MonteCarlo     /net/afscra/people/plgpawelprus/parallel-programming-methods/proj1_java/temp/pcj_nodes_19715869.txt     13500000000 

MonteCarlo: Estymacja PI dla 13500000000 punktow na 8 watkach.
Estimated Pi = 3.141594525630
Total points = 13500000000
Elapsed time = 67.736869 s
Throughput = 199.30 million points/s

Running command:
    srun     java     -Dpcj.network.address=172.22.17.69     -cp     pcj.jar:.     MonteCarlo     /net/afscra/people/plgpawelprus/parallel-programming-methods/proj1_java/temp/pcj_nodes_19715869.txt     16000000000 

MonteCarlo: Estymacja PI dla 16000000000 punktow na 8 watkach.
Estimated Pi = 3.141591950750
Total points = 16000000000
Elapsed time = 80.297400 s
Throughput = 199.26 million points/s

Running command:
    srun     java     -Dpcj.network.address=172.22.17.69     -cp     pcj.jar:.     MonteCarlo     /net/afscra/people/plgpawelprus/parallel-programming-methods/proj1_java/temp/pcj_nodes_19715869.txt     18500000000 

MonteCarlo: Estymacja PI dla 18500000000 punktow na 8 watkach.
Estimated Pi = 3.141589234162
Total points = 18500000000
Elapsed time = 92.874615 s
Throughput = 199.19 million points/s

Running command:
    srun     java     -Dpcj.network.address=172.22.17.69     -cp     pcj.jar:.     MonteCarlo     /net/afscra/people/plgpawelprus/parallel-programming-methods/proj1_java/temp/pcj_nodes_19715869.txt     21000000000 

MonteCarlo: Estymacja PI dla 21000000000 punktow na 8 watkach.
Estimated Pi = 3.141583791810
Total points = 21000000000
Elapsed time = 105.395981 s
Throughput = 199.25 million points/s

Running command:
    srun     java     -Dpcj.network.address=172.22.17.69     -cp     pcj.jar:.     MonteCarlo     /net/afscra/people/plgpawelprus/parallel-programming-methods/proj1_java/temp/pcj_nodes_19715869.txt     23500000000 

MonteCarlo: Estymacja PI dla 23500000000 punktow na 8 watkach.
Estimated Pi = 3.141581179404
Total points = 23500000000
Elapsed time = 117.981590 s
Throughput = 199.18 million points/s

Running command:
    srun     java     -Dpcj.network.address=172.22.17.69     -cp     pcj.jar:.     MonteCarlo     /net/afscra/people/plgpawelprus/parallel-programming-methods/proj1_java/temp/pcj_nodes_19715869.txt     26000000000 

MonteCarlo: Estymacja PI dla 26000000000 punktow na 8 watkach.
Estimated Pi = 3.141579706154
Total points = 26000000000
Elapsed time = 130.483117 s
Throughput = 199.26 million points/s

Running command:
    srun     java     -Dpcj.network.address=172.22.17.69     -cp     pcj.jar:.     MonteCarlo     /net/afscra/people/plgpawelprus/parallel-programming-methods/proj1_java/temp/pcj_nodes_19715869.txt     30000000000 

MonteCarlo: Estymacja PI dla 30000000000 punktow na 8 watkach.
Estimated Pi = 3.141580284533
Total points = 30000000000
Elapsed time = 150.571028 s
Throughput = 199.24 million points/s
MonteCarlo benchmark completed.
