 java/11.0.2 loaded.
Mar 30, 2026 3:08:02 PM org.pcj.internal.InternalPCJ start
INFO: PCJ version 5.3.3-831a4fa (2023-10-10T14:35:07.064+0200)
Mar 30, 2026 3:08:03 PM org.pcj.internal.InternalPCJ start
INFO: Starting MolDyn with 8 threads (on 4 nodes)...
Mar 30, 2026 3:08:06 PM org.pcj.internal.InternalPCJ start
INFO: Completed MolDyn with 8 threads (on 4 nodes) after 0h 0m 3s 363ms.
Mar 30, 2026 3:08:06 PM org.pcj.internal.InternalPCJ start
INFO: PCJ version 5.3.3-831a4fa (2023-10-10T14:35:07.064+0200)
Mar 30, 2026 3:08:07 PM org.pcj.internal.InternalPCJ start
INFO: Starting MolDyn with 8 threads (on 4 nodes)...
Mar 30, 2026 3:10:07 PM org.pcj.internal.message.alive.AliveState checkAliveNotifyTimeout
SEVERE: No AliveMessage from 1 to 3 in last 79 seconds.
Mar 30, 2026 3:10:07 PM org.pcj.internal.InternalPCJ start
SEVERE: PCJ main thread interrupted. Interrupting all PCJ threads
Mar 30, 2026 3:10:07 PM org.pcj.internal.InternalPCJ start
INFO: Waiting up to 8 seconds before forcibly stop PCJ threads.
Mar 30, 2026 3:10:15 PM org.pcj.internal.InternalPCJ start
INFO: Forcibly stopping PCJ threads.
Mar 30, 2026 3:10:27 PM org.pcj.internal.message.alive.AliveState sendToNeighbours
SEVERE: Unable to send AliveMessage from node-#1 to node-#3
Mar 30, 2026 3:10:27 PM org.pcj.internal.InternalPCJ start
SEVERE: PCJ main thread interrupted. Interrupting all PCJ threads
Mar 30, 2026 3:10:27 PM org.pcj.internal.InternalPCJ start
INFO: Waiting up to 8 seconds before forcibly stop PCJ threads.
Mar 30, 2026 3:10:27 PM org.pcj.internal.InternalPCJ start
SEVERE: PCJ main thread interrupted. Interrupting all PCJ threads
Mar 30, 2026 3:10:27 PM org.pcj.internal.InternalPCJ start
SEVERE: PCJ main thread interrupted. Interrupting all PCJ threads
Mar 30, 2026 3:10:27 PM org.pcj.internal.InternalPCJ start
INFO: Waiting up to 8 seconds before forcibly stop PCJ threads.
Mar 30, 2026 3:10:27 PM org.pcj.internal.InternalPCJ start
INFO: Waiting up to 8 seconds before forcibly stop PCJ threads.
Mar 30, 2026 3:10:35 PM org.pcj.internal.InternalPCJ start
INFO: Forcibly stopping PCJ threads.
Mar 30, 2026 3:10:35 PM org.pcj.internal.InternalPCJ start
INFO: Forcibly stopping PCJ threads.
Mar 30, 2026 3:10:35 PM org.pcj.internal.InternalPCJ start
INFO: Aborted MolDyn with 8 threads (on 4 nodes) after 0h 2m 28s 61ms.
Mar 30, 2026 3:10:35 PM org.pcj.internal.InternalPCJ start
INFO: Forcibly stopping PCJ threads.
slurmstepd: error: *** JOB 19715864 ON ac0218 CANCELLED AT 2026-03-30T16:08:19 DUE TO TIME LIMIT ***
srun: Job step aborted: Waiting up to 302 seconds for job step to finish.
