 java/11.0.2 loaded.
Mar 30, 2026 3:08:02 PM org.pcj.internal.InternalPCJ start
INFO: PCJ version 5.3.3-831a4fa (2023-10-10T14:35:07.064+0200)
Mar 30, 2026 3:08:02 PM org.pcj.internal.InternalPCJ start
INFO: Starting MolDyn with 8 threads (on 1 node)...
Mar 30, 2026 3:08:04 PM org.pcj.internal.InternalPCJ start
INFO: Completed MolDyn with 8 threads (on 1 node) after 0h 0m 1s 680ms.
Mar 30, 2026 3:08:04 PM org.pcj.internal.InternalPCJ start
INFO: PCJ version 5.3.3-831a4fa (2023-10-10T14:35:07.064+0200)
Mar 30, 2026 3:08:04 PM org.pcj.internal.InternalPCJ start
INFO: Starting MolDyn with 8 threads (on 1 node)...
Mar 30, 2026 3:08:08 PM org.pcj.internal.InternalPCJ start
INFO: Completed MolDyn with 8 threads (on 1 node) after 0h 0m 3s 241ms.
Mar 30, 2026 3:08:08 PM org.pcj.internal.InternalPCJ start
INFO: PCJ version 5.3.3-831a4fa (2023-10-10T14:35:07.064+0200)
Mar 30, 2026 3:08:08 PM org.pcj.internal.InternalPCJ start
INFO: Starting MolDyn with 8 threads (on 1 node)...
Mar 30, 2026 3:08:13 PM org.pcj.internal.InternalPCJ start
INFO: Completed MolDyn with 8 threads (on 1 node) after 0h 0m 5s 287ms.
Mar 30, 2026 3:08:14 PM org.pcj.internal.InternalPCJ start
INFO: PCJ version 5.3.3-831a4fa (2023-10-10T14:35:07.064+0200)
Mar 30, 2026 3:08:14 PM org.pcj.internal.InternalPCJ start
INFO: Starting MolDyn with 8 threads (on 1 node)...
Mar 30, 2026 3:08:22 PM org.pcj.internal.InternalPCJ start
INFO: Completed MolDyn with 8 threads (on 1 node) after 0h 0m 8s 299ms.
Mar 30, 2026 3:08:22 PM org.pcj.internal.InternalPCJ start
INFO: PCJ version 5.3.3-831a4fa (2023-10-10T14:35:07.064+0200)
Mar 30, 2026 3:08:22 PM org.pcj.internal.InternalPCJ start
INFO: Starting MolDyn with 8 threads (on 1 node)...
Mar 30, 2026 3:08:35 PM org.pcj.internal.InternalPCJ start
INFO: Completed MolDyn with 8 threads (on 1 node) after 0h 0m 12s 297ms.
Mar 30, 2026 3:08:35 PM org.pcj.internal.InternalPCJ start
INFO: PCJ version 5.3.3-831a4fa (2023-10-10T14:35:07.064+0200)
Mar 30, 2026 3:08:35 PM org.pcj.internal.InternalPCJ start
INFO: Starting MolDyn with 8 threads (on 1 node)...
Mar 30, 2026 3:08:53 PM org.pcj.internal.InternalPCJ start
INFO: Completed MolDyn with 8 threads (on 1 node) after 0h 0m 17s 627ms.
Mar 30, 2026 3:08:53 PM org.pcj.internal.InternalPCJ start
INFO: PCJ version 5.3.3-831a4fa (2023-10-10T14:35:07.064+0200)
Mar 30, 2026 3:08:53 PM org.pcj.internal.InternalPCJ start
INFO: Starting MolDyn with 8 threads (on 1 node)...
Mar 30, 2026 3:09:15 PM org.pcj.internal.InternalPCJ start
INFO: Completed MolDyn with 8 threads (on 1 node) after 0h 0m 22s 127ms.
Mar 30, 2026 3:09:16 PM org.pcj.internal.InternalPCJ start
INFO: PCJ version 5.3.3-831a4fa (2023-10-10T14:35:07.064+0200)
Mar 30, 2026 3:09:16 PM org.pcj.internal.InternalPCJ start
INFO: Starting MolDyn with 8 threads (on 1 node)...
Mar 30, 2026 3:09:43 PM org.pcj.internal.InternalPCJ start
INFO: Completed MolDyn with 8 threads (on 1 node) after 0h 0m 27s 691ms.
Mar 30, 2026 3:09:44 PM org.pcj.internal.InternalPCJ start
INFO: PCJ version 5.3.3-831a4fa (2023-10-10T14:35:07.064+0200)
Mar 30, 2026 3:09:44 PM org.pcj.internal.InternalPCJ start
INFO: Starting MolDyn with 8 threads (on 1 node)...
Mar 30, 2026 3:10:17 PM org.pcj.internal.InternalPCJ start
INFO: Completed MolDyn with 8 threads (on 1 node) after 0h 0m 32s 954ms.
Mar 30, 2026 3:10:17 PM org.pcj.internal.InternalPCJ start
INFO: PCJ version 5.3.3-831a4fa (2023-10-10T14:35:07.064+0200)
Mar 30, 2026 3:10:17 PM org.pcj.internal.InternalPCJ start
INFO: Starting MolDyn with 8 threads (on 1 node)...
Mar 30, 2026 3:10:56 PM org.pcj.internal.InternalPCJ start
INFO: Completed MolDyn with 8 threads (on 1 node) after 0h 0m 39s 226ms.
Mar 30, 2026 3:10:57 PM org.pcj.internal.InternalPCJ start
INFO: PCJ version 5.3.3-831a4fa (2023-10-10T14:35:07.064+0200)
Mar 30, 2026 3:10:57 PM org.pcj.internal.InternalPCJ start
INFO: Starting MolDyn with 8 threads (on 1 node)...
Mar 30, 2026 3:11:45 PM org.pcj.internal.InternalPCJ start
INFO: Completed MolDyn with 8 threads (on 1 node) after 0h 0m 47s 823ms.
Mar 30, 2026 3:11:45 PM org.pcj.internal.InternalPCJ start
INFO: PCJ version 5.3.3-831a4fa (2023-10-10T14:35:07.064+0200)
Mar 30, 2026 3:11:45 PM org.pcj.internal.InternalPCJ start
INFO: Starting MolDyn with 8 threads (on 1 node)...
Mar 30, 2026 3:12:36 PM org.pcj.internal.InternalPCJ start
INFO: Completed MolDyn with 8 threads (on 1 node) after 0h 0m 51s 75ms.
