 java/11.0.2 loaded.
Mar 30, 2026 3:08:02 PM org.pcj.internal.InternalPCJ start
INFO: PCJ version 5.3.3-831a4fa (2023-10-10T14:35:07.064+0200)
Mar 30, 2026 3:08:03 PM org.pcj.internal.InternalPCJ start
INFO: Starting MolDyn with 8 threads (on 2 nodes)...
Mar 30, 2026 3:08:05 PM org.pcj.internal.InternalPCJ start
INFO: Completed MolDyn with 8 threads (on 2 nodes) after 0h 0m 2s 417ms.
Mar 30, 2026 3:08:05 PM org.pcj.internal.InternalPCJ start
INFO: PCJ version 5.3.3-831a4fa (2023-10-10T14:35:07.064+0200)
Mar 30, 2026 3:08:06 PM org.pcj.internal.InternalPCJ start
INFO: Starting MolDyn with 8 threads (on 2 nodes)...
Mar 30, 2026 3:08:10 PM org.pcj.internal.InternalPCJ start
INFO: Completed MolDyn with 8 threads (on 2 nodes) after 0h 0m 4s 180ms.
Mar 30, 2026 3:08:10 PM org.pcj.internal.InternalPCJ start
INFO: PCJ version 5.3.3-831a4fa (2023-10-10T14:35:07.064+0200)
Mar 30, 2026 3:08:11 PM org.pcj.internal.InternalPCJ start
INFO: Starting MolDyn with 8 threads (on 2 nodes)...
Mar 30, 2026 3:08:17 PM org.pcj.internal.InternalPCJ start
INFO: Completed MolDyn with 8 threads (on 2 nodes) after 0h 0m 6s 444ms.
Mar 30, 2026 3:08:17 PM org.pcj.internal.InternalPCJ start
INFO: PCJ version 5.3.3-831a4fa (2023-10-10T14:35:07.064+0200)
Mar 30, 2026 3:08:18 PM org.pcj.internal.InternalPCJ start
INFO: Starting MolDyn with 8 threads (on 2 nodes)...
Mar 30, 2026 3:08:28 PM org.pcj.internal.InternalPCJ start
INFO: Completed MolDyn with 8 threads (on 2 nodes) after 0h 0m 9s 815ms.
Mar 30, 2026 3:08:28 PM org.pcj.internal.InternalPCJ start
INFO: PCJ version 5.3.3-831a4fa (2023-10-10T14:35:07.064+0200)
Mar 30, 2026 3:08:28 PM org.pcj.internal.InternalPCJ start
INFO: Starting MolDyn with 8 threads (on 2 nodes)...
Mar 30, 2026 3:08:43 PM org.pcj.internal.InternalPCJ start
INFO: Completed MolDyn with 8 threads (on 2 nodes) after 0h 0m 14s 148ms.
Mar 30, 2026 3:08:43 PM org.pcj.internal.InternalPCJ start
INFO: PCJ version 5.3.3-831a4fa (2023-10-10T14:35:07.064+0200)
Mar 30, 2026 3:08:43 PM org.pcj.internal.InternalPCJ start
INFO: Starting MolDyn with 8 threads (on 2 nodes)...
Mar 30, 2026 3:09:03 PM org.pcj.internal.InternalPCJ start
INFO: Completed MolDyn with 8 threads (on 2 nodes) after 0h 0m 19s 519ms.
Mar 30, 2026 3:09:03 PM org.pcj.internal.InternalPCJ start
INFO: PCJ version 5.3.3-831a4fa (2023-10-10T14:35:07.064+0200)
Mar 30, 2026 3:09:04 PM org.pcj.internal.InternalPCJ start
INFO: Starting MolDyn with 8 threads (on 2 nodes)...
Mar 30, 2026 3:09:28 PM org.pcj.internal.InternalPCJ start
INFO: Completed MolDyn with 8 threads (on 2 nodes) after 0h 0m 24s 256ms.
Mar 30, 2026 3:09:28 PM org.pcj.internal.InternalPCJ start
INFO: PCJ version 5.3.3-831a4fa (2023-10-10T14:35:07.064+0200)
Mar 30, 2026 3:09:29 PM org.pcj.internal.InternalPCJ start
INFO: Starting MolDyn with 8 threads (on 2 nodes)...
Mar 30, 2026 3:09:58 PM org.pcj.internal.InternalPCJ start
INFO: Completed MolDyn with 8 threads (on 2 nodes) after 0h 0m 29s 477ms.
Mar 30, 2026 3:09:58 PM org.pcj.internal.InternalPCJ start
INFO: PCJ version 5.3.3-831a4fa (2023-10-10T14:35:07.064+0200)
Mar 30, 2026 3:09:59 PM org.pcj.internal.InternalPCJ start
INFO: Starting MolDyn with 8 threads (on 2 nodes)...
Mar 30, 2026 3:10:34 PM org.pcj.internal.InternalPCJ start
INFO: Completed MolDyn with 8 threads (on 2 nodes) after 0h 0m 34s 660ms.
Mar 30, 2026 3:10:34 PM org.pcj.internal.InternalPCJ start
INFO: PCJ version 5.3.3-831a4fa (2023-10-10T14:35:07.064+0200)
Mar 30, 2026 3:10:34 PM org.pcj.internal.InternalPCJ start
INFO: Starting MolDyn with 8 threads (on 2 nodes)...
Mar 30, 2026 3:11:16 PM org.pcj.internal.InternalPCJ start
INFO: Completed MolDyn with 8 threads (on 2 nodes) after 0h 0m 41s 185ms.
Mar 30, 2026 3:11:16 PM org.pcj.internal.InternalPCJ start
INFO: PCJ version 5.3.3-831a4fa (2023-10-10T14:35:07.064+0200)
Mar 30, 2026 3:11:16 PM org.pcj.internal.InternalPCJ start
INFO: Starting MolDyn with 8 threads (on 2 nodes)...
Mar 30, 2026 3:12:04 PM org.pcj.internal.InternalPCJ start
INFO: Completed MolDyn with 8 threads (on 2 nodes) after 0h 0m 48s 25ms.
Mar 30, 2026 3:12:05 PM org.pcj.internal.InternalPCJ start
INFO: PCJ version 5.3.3-831a4fa (2023-10-10T14:35:07.064+0200)
Mar 30, 2026 3:12:05 PM org.pcj.internal.InternalPCJ start
INFO: Starting MolDyn with 8 threads (on 2 nodes)...
Mar 30, 2026 3:12:57 PM org.pcj.internal.InternalPCJ start
INFO: Completed MolDyn with 8 threads (on 2 nodes) after 0h 0m 52s 196ms.
